-------------------------------------------------------------------------------
Test set: com.movieprogram.Main.Payment_InformationTest
-------------------------------------------------------------------------------
Tests run: 1, Failures: 1, Errors: 0, Skipped: 0, Time elapsed: 0.309 sec <<< FAILURE!
testMain(com.movieprogram.Main.Payment_InformationTest)  Time elapsed: 0.307 sec  <<< FAILURE!
junit.framework.AssertionFailedError: The test case is a prototype.
	at junit.framework.Assert.fail(Assert.java:47)
	at com.movieprogram.Main.Payment_InformationTest.testMain(Payment_InformationTest.java:45)

