-------------------------------------------------------------------------------
Test set: com.movieprogram.Main.AppTesterTest
-------------------------------------------------------------------------------
Tests run: 1, Failures: 1, Errors: 0, Skipped: 0, Time elapsed: 6.649 sec <<< FAILURE!
testMain(com.movieprogram.Main.AppTesterTest)  Time elapsed: 6.649 sec  <<< FAILURE!
junit.framework.AssertionFailedError: The test case is a prototype.
	at junit.framework.Assert.fail(Assert.java:47)
	at com.movieprogram.Main.AppTesterTest.testMain(AppTesterTest.java:45)

