-------------------------------------------------------------------------------
Test set: com.movieprogram.Main.JohnWickTest
-------------------------------------------------------------------------------
Tests run: 1, Failures: 1, Errors: 0, Skipped: 0, Time elapsed: 0.155 sec <<< FAILURE!
testMain(com.movieprogram.Main.JohnWickTest)  Time elapsed: 0.155 sec  <<< FAILURE!
junit.framework.AssertionFailedError: The test case is a prototype.
	at junit.framework.Assert.fail(Assert.java:47)
	at com.movieprogram.Main.JohnWickTest.testMain(JohnWickTest.java:45)

