-------------------------------------------------------------------------------
Test set: com.movieprogram.Main.MainTest
-------------------------------------------------------------------------------
Tests run: 1, Failures: 1, Errors: 0, Skipped: 0, Time elapsed: 0.107 sec <<< FAILURE!
testMain(com.movieprogram.Main.MainTest)  Time elapsed: 0.107 sec  <<< FAILURE!
junit.framework.AssertionFailedError: The test case is a prototype.
	at junit.framework.Assert.fail(Assert.java:47)
	at com.movieprogram.Main.MainTest.testMain(MainTest.java:45)

