-------------------------------------------------------------------------------
Test set: com.movieprogram.Main.MovieAdmin1Test
-------------------------------------------------------------------------------
Tests run: 1, Failures: 1, Errors: 0, Skipped: 0, Time elapsed: 0.306 sec <<< FAILURE!
testMain(com.movieprogram.Main.MovieAdmin1Test)  Time elapsed: 0.305 sec  <<< FAILURE!
junit.framework.AssertionFailedError: The test case is a prototype.
	at junit.framework.Assert.fail(Assert.java:47)
	at com.movieprogram.Main.MovieAdmin1Test.testMain(MovieAdmin1Test.java:45)

