-------------------------------------------------------------------------------
Test set: com.movieprogram.Main.MainpageTest
-------------------------------------------------------------------------------
Tests run: 1, Failures: 1, Errors: 0, Skipped: 0, Time elapsed: 0.067 sec <<< FAILURE!
testMain(com.movieprogram.Main.MainpageTest)  Time elapsed: 0.065 sec  <<< FAILURE!
junit.framework.AssertionFailedError: The test case is a prototype.
	at junit.framework.Assert.fail(Assert.java:47)
	at com.movieprogram.Main.MainpageTest.testMain(MainpageTest.java:45)

