<?xml version="1.0" encoding="UTF-8" ?>
<testsuite tests="1" failures="1" name="com.movieprogram.Main.JohnWickTest" time="0.031" errors="0" skipped="0">
  <properties>
[...]
</properties>
  <testcase classname="com.movieprogram.Main.JohnWickTest" name="testMain" time="0.031">
    <failure message="The test case is a prototype." type="junit.framework.AssertionFailedError">junit.framework.AssertionFailedError: The test case is a prototype.
	at junit.framework.Assert.fail(Assert.java:47)
	at com.movieprogram.Main.JohnWickTest.testMain(JohnWickTest.java:45)
</failure>
    <system-out>main
</system-out>
  </testcase>
</testsuite>